
Evaluation for closed-test with train1:
Accuracy: 99.93% (10390/10397)

Most common mistakes:
ថ្មី/RB --> ថ្មី/JJ	1
ទូលំទូលាយ/NN --> ទូលំទូលាយ/JJ	1
ដដែល/JJ --> ដដែល/RB	1
ព្រេង/NN --> ព្រេង/JJ	1
ផ្សាយ/VB --> JJ	1
JJ --> មាន/VB	1
ដើម/JJ --> ដើម/NN	1

Evaluation for closed-test with train2:
Accuracy: 99.85% (10381/10397)

Most common mistakes:
មាន/VB --> JJ	3
JJ --> មាន/VB	1
JJ --> ផ្សាយ/VB	1
រាជ/RB --> រាជ/JJ	1
ដដែល/JJ --> ដដែល/RB	1
ទូលំទូលាយ/NN --> ទូលំទូលាយ/JJ	1
ថ្មី/RB --> ថ្មី/JJ	1
JJ --> បន្ទុក/VB	1
លី/VB --> លី/PN	1
លែង/NN --> លែង/VB	1

Evaluation for closed-test with train3:
Accuracy: 99.77% (10373/10397)

Most common mistakes:
មាន/VB --> JJ	3
ដើម/NN --> ដើម/JJ	2
រាជ/RB --> រាជ/JJ	1
ឆ្លង/JJ --> ឆ្លង/VB	1
លី/VB --> លី/PN	1
ព្រេង/NN --> ព្រេង/JJ	1
ទៅ/RB --> ទៅ/IN	1
JJ --> មាន/VB	1
ទូលំទូលាយ/NN --> ទូលំទូលាយ/JJ	1
ខាន/VCOM --> ខាន/RB	1

Evaluation for closed-test with train4:
Accuracy: 99.77% (10373/10397)

Most common mistakes:
មាន/VB --> JJ	3
ជូន/VB --> ជូន/IN	2
ដើម/NN --> ដើម/JJ	2
JJ --> ប្រឆាំង/JJ	1
ឆ្លង/JJ --> JJ	1
ទូលំទូលាយ/NN --> ទូលំទូលាយ/JJ	1
ខាន/VCOM --> ខាន/RB	1
ថ្មី/RB --> ថ្មី/JJ	1
ជា/IN --> ជា/VB	1
លែង/NN --> លែង/VB	1

Evaluation for closed-test with train5:
Accuracy: 99.76% (10372/10397)

Most common mistakes:
មាន/VB --> JJ	3
ដើម/NN --> ដើម/JJ	2
ព្រេង/NN --> ព្រេង/JJ	1
ពាក់ព័ន្ធ/VB --> JJ	1
ដែល/RPN --> ដែល/RB	1
ការពារ/VB --> JJ	1
ជា/IN --> ជា/VB	1
JJ --> ប្រឆាំង/JJ	1
ទៅ/RB --> ទៅ/IN	1
នៅ/RB --> នៅ/IN	1

Evaluation for closed-test with train6:
Accuracy: 99.71% (10367/10397)

Most common mistakes:
មាន/VB --> JJ	3
ដើម/NN --> ដើម/JJ	2
ទទូច/RB --> ទទូច/VB	1
លី/VB --> លី/PN	1
ព្រេង/NN --> ព្រេង/JJ	1
ថ្មី/RB --> ថ្មី/JJ	1
នៅ/RB --> នៅ/IN	1
ដដែល/JJ --> ដដែល/RB	1
ខាន/VCOM --> ខាន/RB	1
ទទូច/RB --> JJ	1

Evaluation for open-test with train1:
Accuracy: 87.22% (9401/10778)

Most common mistakes:
ជា/IN --> ជា/VB	14
បាន/VCOM --> បាន/AUX	12
ជា/VB --> ជា/IN	8
ឲ្យ/VB --> ឲ្យ/IN	8
ព្រះ~អង្គ/NN --> ព្រះ~អង្គ/PRO	7
នៅ/VB --> នៅ/IN	7
មក/IN --> មក/VB	6
ហើយ/CC --> ហើយ/RB	6
ឃឿង/PN --> ឃឿង/UNK	6
ជូន/IN --> ជូន/VB	6

Evaluation for open-test with train2:
Accuracy: 91.37% (9848/10778)

Most common mistakes:
ជា/IN --> ជា/VB	11
ជា/VB --> ជា/IN	7
បាន/VCOM --> បាន/AUX	7
ព្រះ~អង្គ/NN --> ព្រះ~អង្គ/PRO	7
ចិត្ត/NN --> ចិត្ត/UNK	6
JJ --> មាន/VB	6
ឲ្យ/VB --> ឲ្យ/IN	6
មក/IN --> មក/VB	6
នៅ/VB --> នៅ/IN	5
ដ្ឋាន/NN --> ដ្ឋាន/UNK	4

Evaluation for open-test with train3:
Accuracy: 93.15% (10040/10778)

Most common mistakes:
ជា/IN --> ជា/VB	8
បាន/VCOM --> បាន/AUX	7
ហើយ/RB --> ហើយ/CC	6
ចិត្ត/NN --> ចិត្ត/UNK	6
ជា/VB --> ជា/IN	5
JJ --> មាន/VB	5
មក/IN --> មក/VB	4
ឲ្យ/VB --> ឲ្យ/IN	4
ទៅ/VB --> ទៅ/IN	4
ហើយ/CC --> ហើយ/RB	4

Evaluation for open-test with train4:
Accuracy: 93.86% (10116/10778)

Most common mistakes:
ជា/IN --> ជា/VB	7
ហើយ/CC --> ហើយ/RB	6
បាន/VCOM --> បាន/AUX	6
JJ --> មាន/VB	5
ចិត្ត/NN --> ចិត្ត/UNK	5
JJ --> ជា/VB	5
នៅ/VB --> នៅ/IN	5
ជា/VB --> ជា/IN	5
ខ្លួន/PRO --> ខ្លួន/NN	4
ឲ្យ/VB --> ឲ្យ/IN	4

Evaluation for open-test with train5:
Accuracy: 94.30% (10164/10778)

Most common mistakes:
ជា/IN --> ជា/VB	12
ហើយ/CC --> ហើយ/RB	6
JJ --> ជា/VB	5
ជា/VB --> ជា/IN	5
ឲ្យ/IN --> ឲ្យ/VB	5
បាន/VCOM --> បាន/AUX	5
JJ --> មាន/VB	5
ចិត្ត/NN --> ចិត្ត/UNK	5
មាន/VB --> JJ	5
មក/IN --> មក/VB	4

Evaluation for open-test with train6:
Accuracy: 94.57% (10193/10778)

Most common mistakes:
ជា/IN --> ជា/VB	11
ហើយ/CC --> ហើយ/RB	7
ហើយ/RB --> ហើយ/CC	6
បាន/VCOM --> បាន/AUX	5
ចិត្ត/NN --> ចិត្ត/UNK	5
JJ --> មាន/VB	5
ជា/VB --> ជា/IN	5
ខ្លួន/PRO --> ខ្លួន/NN	5
ចេញ/VB --> ចេញ/PA	5
ទៅ/IN --> ទៅ/VB	4
