497c497
< គីង្គក់/NN សួរ/VB យោបល់/NN សត្វ/NN ទាំងអស់/DT តប/VB ថា/IN “/LBR ត្រូវ/VB នាំ_គ្នា/RB ខោក/VB ថង/NN ក្បាល/NN វា/PRO ឲ្យ/VB វា/PRO រាងចាល/VB !/! ”/RBR ថា/IN ហើយ/RB សត្វ/NN ទាំងអស់/DT ក៏/RB ព្រួត/VB គ្នា/PRO ថង/NN ក្បាល/NN តាដក់/NN គ្រប់/JJ ៗ/DBL គ្នា/PRO ទី_បំផុត/NN គីង្គក់/NN ក៏/RB ខំ/VB លោត/VB ធាក់/VB ក្បាល/NN តាដក់/NN ដែរ/RB ទាល់_តែ/CC រោម/NN ក្បាល/NN តាដក់/NN រុះ/VB អស់/RB តម្ពែក/JJ រហូត/IN សព្វ/DT ថ្ងៃ/NN ។/KAN
---
> គីង្គក់/NN សួរ/VB យោបល់/NN សត្វ/NN ទាំងអស់/DT តប/VB ថា/IN “/LBR ត្រូវ/VB នាំ_គ្នា/RB ខោក/VB ថង/NN ក្បាល/NN វា/PRO ឲ្យ/VB វា/PRO រាងចាល/VB EX-MARK/! ”/RBR ថា/IN ហើយ/RB សត្វ/NN ទាំងអស់/DT ក៏/RB ព្រួត/VB គ្នា/PRO ថង/NN ក្បាល/NN តាដក់/NN គ្រប់/JJ ៗ/DBL គ្នា/PRO ទី_បំផុត/NN គីង្គក់/NN ក៏/RB ខំ/VB លោត/VB ធាក់/VB ក្បាល/NN តាដក់/NN ដែរ/RB ទាល់_តែ/CC រោម/NN ក្បាល/NN តាដក់/NN រុះ/VB អស់/RB តម្ពែក/JJ រហូត/IN សព្វ/DT ថ្ងៃ/NN ។/KAN
645c645
< អស់/IN រយៈ_ពេល/NN ពេញ/JJ មួយ/CD ឆ្នាំ/NN សម្រែក/NN ឲ្យ/IN មាន/VB ការ/NN “/LBR ដូរ/VB !/! ដូរ/VB ”/RBR បាន/AUX កើត_ឡើង/VB ក្នុង/IN អំឡុង/IN ពេល/NN បាតុកម្ម/NN ទ្រង់ទ្រាយ/NN ធំ/JJ ក្នុង/IN ទីក្រុង/NN ភ្នំ_ពេញ/PN នៅ_ក្នុង/IN ទស_វត្ស/NN នេះ/DT ។/KAN
---
> អស់/IN រយៈ_ពេល/NN ពេញ/JJ មួយ/CD ឆ្នាំ/NN សម្រែក/NN ឲ្យ/IN មាន/VB ការ/NN “/LBR ដូរ/VB EX-MARK/! ដូរ/VB ”/RBR បាន/AUX កើត_ឡើង/VB ក្នុង/IN អំឡុង/IN ពេល/NN បាតុកម្ម/NN ទ្រង់ទ្រាយ/NN ធំ/JJ ក្នុង/IN ទីក្រុង/NN ភ្នំ_ពេញ/PN នៅ_ក្នុង/IN ទស_វត្ស/NN នេះ/DT ។/KAN
751c751
< ខ្លា/NN ថា/IN “/LBR ទេ/PA លោក/PRO !/! ខ្ញុំ/PRO ឃើញ/VB អីចឹង/RB តាំង_ពី/IN កើត/VB មក/PA ”/RBR ។/KAN
---
> ខ្លា/NN ថា/IN “/LBR ទេ/PA លោក/PRO EX-MARK/! ខ្ញុំ/PRO ឃើញ/VB អីចឹង/RB តាំង_ពី/IN កើត/VB មក/PA ”/RBR ។/KAN
1001c1001
< -/SYM ចុះ/VB ឯង/PRO ឲ្យ/VB អញ/PRO ប្រាប់/VB ម៉េច/RB បាន/VCOM ?/? បើ/CC អញ/PRO មើល/VB ប្រពន្ធ/NN ឯង/PRO មិន/RB ឃើញ/VB នោះ/DT !/!
---
> -/SYM ចុះ/VB ឯង/PRO ឲ្យ/VB អញ/PRO ប្រាប់/VB ម៉េច/RB បាន/VCOM ?/? បើ/CC អញ/PRO មើល/VB ប្រពន្ធ/NN ឯង/PRO មិន/RB ឃើញ/VB នោះ/DT EX-MARK/!
1269c1269
< ប្ដី/NN ឆ្លើយ/VB ថា/IN “/LBR មេ/NN អើយ/UH !/! អញ/PRO ដើរ/VB ទៅ/IN ជួប/VB នឹង/IN ចៅ/NN ម្នាក់/DT មក/VB ដោយសារ/VB ម្លប់/NN តាំងយូ/NN អញ/PRO ហើយ/RB វា/PRO យក/VB ទៅ/IN កាន់/VB ដើរ/VB ផង/RB គ្នា/PRO ទៅ_ដល់/VB ផ្លូវ/NN បែក/JJ មុន_នឹង/IN បែក/VB ទៅ_តាម/IN ផ្លូវ/NN ទីទៃ/JJ ពី/IN គ្នា/PRO អញ/PRO យក/VB តាំងយូ/NN វិញ/RB វា/PRO ពុំ/RB ឲ្យ/VB ទើប/RB នាំ_គ្នា/RB ទៅ/VB គាល់/VB ព្រះ~មហា_ក្សត្រ/NN ៗ/DBL ទ្រង់/PRO បង្គាប់/VB ឲ្យ/IN ពុះ/VB តាំងយូ/NN នេះ/DT ចែក/VB គ្នា/PRO ”/RBR
---
> ប្ដី/NN ឆ្លើយ/VB ថា/IN “/LBR មេ/NN អើយ/UH EX-MARK/! អញ/PRO ដើរ/VB ទៅ/IN ជួប/VB នឹង/IN ចៅ/NN ម្នាក់/DT មក/VB ដោយសារ/VB ម្លប់/NN តាំងយូ/NN អញ/PRO ហើយ/RB វា/PRO យក/VB ទៅ/IN កាន់/VB ដើរ/VB ផង/RB គ្នា/PRO ទៅ_ដល់/VB ផ្លូវ/NN បែក/JJ មុន_នឹង/IN បែក/VB ទៅ_តាម/IN ផ្លូវ/NN ទីទៃ/JJ ពី/IN គ្នា/PRO អញ/PRO យក/VB តាំងយូ/NN វិញ/RB វា/PRO ពុំ/RB ឲ្យ/VB ទើប/RB នាំ_គ្នា/RB ទៅ/VB គាល់/VB ព្រះ~មហា_ក្សត្រ/NN ៗ/DBL ទ្រង់/PRO បង្គាប់/VB ឲ្យ/IN ពុះ/VB តាំងយូ/NN នេះ/DT ចែក/VB គ្នា/PRO ”/RBR
1294c1294
< មាន/VB បុរស/NN មួយ/CD ទៀត/RB ដើរ/VB មក/IN ជួប/VB និយាយ/VB ទៅ_កាន់/IN ម្ចាស់/NN តាំងយូ/NN ថា/IN “/LBR អ្នក/PRO អើយ/UH !/! ថ្ងៃ/NN ក្ដៅ/JJ ណាស់/RB អ្នក/PRO ឲ្យ/VB ខ្ញុំ/PRO ដើរ/VB ដោយសារ/VB ម្លប់/NN តាំងយូ/NN ផង/RB បាន/VCOM ឬ/IN ទេ/PA ?/? ”/RBR
---
> មាន/VB បុរស/NN មួយ/CD ទៀត/RB ដើរ/VB មក/IN ជួប/VB និយាយ/VB ទៅ_កាន់/IN ម្ចាស់/NN តាំងយូ/NN ថា/IN “/LBR អ្នក/PRO អើយ/UH EX-MARK/! ថ្ងៃ/NN ក្ដៅ/JJ ណាស់/RB អ្នក/PRO ឲ្យ/VB ខ្ញុំ/PRO ដើរ/VB ដោយសារ/VB ម្លប់/NN តាំងយូ/NN ផង/RB បាន/VCOM ឬ/IN ទេ/PA ?/? ”/RBR
1739c1739
< ចាម/PN រាប់/VB ប្រាក់/NN ៨/CD រៀល/PN ប្រគេន/VB សាមណេរ/NN ៗ/DBL ថា/IN "/SYM ទេ/PA !/! កាល/IN លោក~គ្រូ/NN និយាយ/VB ថា/IN ១០/CD បាទ/PN នោះ/DT គឺ/VB វាល់/VB សាច់_ប្រាក់/NN ឲ្យ/IN ពេញ/JJ ១០/CD បាត្រ/NN ដែល/RPN លោក~សង្ឃ/NN ដាក់/VB ចង្ហាន់/NN មិន/RB មែន/RB ១០/CD បាទ/PN ជា/VB ប្រាក់/NN ១០/CD រៀល/PN នោះ/DT ទេ/PA លុះ/IN តែ/RB ថៅកែ/NN វាល់/VB ប្រាក់/NN ពេញ/JJ ១០/CD បាត្រ/NN លោក~សង្ឃ/NN ប្រគេន/VB លោក/PRO ទើប/RB លោក/PRO ទទួល_យក/VB "/SYM ។/KAN
---
> ចាម/PN រាប់/VB ប្រាក់/NN ៨/CD រៀល/PN ប្រគេន/VB សាមណេរ/NN ៗ/DBL ថា/IN "/SYM ទេ/PA EX-MARK/! កាល/IN លោក~គ្រូ/NN និយាយ/VB ថា/IN ១០/CD បាទ/PN នោះ/DT គឺ/VB វាល់/VB សាច់_ប្រាក់/NN ឲ្យ/IN ពេញ/JJ ១០/CD បាត្រ/NN ដែល/RPN លោក~សង្ឃ/NN ដាក់/VB ចង្ហាន់/NN មិន/RB មែន/RB ១០/CD បាទ/PN ជា/VB ប្រាក់/NN ១០/CD រៀល/PN នោះ/DT ទេ/PA លុះ/IN តែ/RB ថៅកែ/NN វាល់/VB ប្រាក់/NN ពេញ/JJ ១០/CD បាត្រ/NN លោក~សង្ឃ/NN ប្រគេន/VB លោក/PRO ទើប/RB លោក/PRO ទទួល_យក/VB "/SYM ។/KAN
1814c1814
< "/SYM ម៉ែ/NN ឥត/RB មាន/VB ស្អប់_ខ្ពើម/VB ឪពុក/NN កូន/NN ឯង/PRO ទេ/PA ម៉ែ/NN តែង/RB នឹក/VB មក/IN កូន/NN នឹង/CC ឪពុក/NN ឯង/PRO ពុំ/RB មាន/VB ភ្លេច/VB ព្រម_ទាំង/IN អ្នក~ភូមិ/NN ផង/RB របង/NN ជាមួយ/IN ឯង/PRO ទៀត/RB ដែល/RPN ម្ដាយ/NN ធ្លាប់/RB នៅ/VB ជាមួយ/IN គេ/PRO ប៉ុន្តែ/CC ម៉ែ/NN ជាតិ/NN ជា/IN ទេព_ធីតា/NN ពុំ/RB អាច/VB នៅ/VB ជាមួយ/IN មនុស្ស_លោក/NN បាន/VCOM យូរ/JJ ទេ/PA រាល់/DT ថ្ងៃ/NN ម៉ែ/NN តែង/RB ទៅ/VB បំពេញ/VB កិច្ច/NN នៅ/IN ចំពោះ/IN មុខ/NN ព្រះ~ភក្ត្រ/NN ព្រះ~ឥន្ទ្រាធិរាជ/NN គឺ/VB សុំ/VB អង្វរ/VB ឲ្យ/IN ព្រះ~អង្គ/NN ប្រទាន/VB ពរ/NN ដល់/IN កូន/NN ឯង/PRO និង/CC ឪពុក/NN កូន/NN ឯង/PRO កុំ/RB បី/CD ខាន/RB មិន/RB តែ/RB ប៉ុណ្ណោះ/JJ ម្ដាយ/NN បាន/AUX ទាំង/DT ទូល/VB សុំ/VB ព្រះ~ឥន្ទ្រ/NN ឲ្យ/IN ព្រះ~អង្គ/NN មេត្តា/VB ផ្សាយ/VB នូវ/IN សុភ_មង្គល/NN ដល់/IN មនុស្ស/NN នៅ/IN ឋាន/NN នេះ/DT ទូទៅ/JJ ផង/RB កូន_ប្រុស/NN ពន្លក/NN ម្ដាយ/NN !/! ម្ដាយ/NN ពុំ/RB អាច/VB នៅ/VB ជាមួយ_នឹង/IN កូន/NN បាន/VCOM ទៀត/RB តែ/RB ម្ដាយ/NN យក/VB កូន/NN ឯង/PRO ទៅ/IN លេង/VB ប្រាសាទ/NN ម្ដាយ/NN ឯ/IN ឋាន/NN លើ/JJ មួយ/CD ដង/NN ម្ដាយ/NN នឹង/AUX នាំ/VB កូន/NN ឯង/PRO ទៅ/IN មុជ_ទឹក/VB ក្នុង/IN អាង/NN ក្រអូប/NN នៅ_ក្នុង/IN សួន/NN ព្រះ~ឥន្ទ្រ/NN ហើយ/RB ទឹក/NN នោះ/DT នឹង/AUX ជម្រះ/VB កាយ/NN កូន/NN ឯង/PRO ឲ្យ/IN បាត់/VB ធំ/JJ ក្លិន/NN មនុស្ស_លោក/NN បន្ទាប់_ពី/IN នោះ/DT មក/PA ម្ដាយ/NN នឹង/AUX នាំ/VB កូន/NN ឯង/PRO ចូល/VB ទៅ_ក្នុង/IN ប្រាសាទ/NN រួច/RB នាំ/VB កូន/NN ឯង/PRO ទៅ/IN ថ្វាយ_បង្គំ/VB ព្រះ~ឥន្ទ្រ/NN "/SYM ។/KAN
---
> "/SYM ម៉ែ/NN ឥត/RB មាន/VB ស្អប់_ខ្ពើម/VB ឪពុក/NN កូន/NN ឯង/PRO ទេ/PA ម៉ែ/NN តែង/RB នឹក/VB មក/IN កូន/NN នឹង/CC ឪពុក/NN ឯង/PRO ពុំ/RB មាន/VB ភ្លេច/VB ព្រម_ទាំង/IN អ្នក~ភូមិ/NN ផង/RB របង/NN ជាមួយ/IN ឯង/PRO ទៀត/RB ដែល/RPN ម្ដាយ/NN ធ្លាប់/RB នៅ/VB ជាមួយ/IN គេ/PRO ប៉ុន្តែ/CC ម៉ែ/NN ជាតិ/NN ជា/IN ទេព_ធីតា/NN ពុំ/RB អាច/VB នៅ/VB ជាមួយ/IN មនុស្ស_លោក/NN បាន/VCOM យូរ/JJ ទេ/PA រាល់/DT ថ្ងៃ/NN ម៉ែ/NN តែង/RB ទៅ/VB បំពេញ/VB កិច្ច/NN នៅ/IN ចំពោះ/IN មុខ/NN ព្រះ~ភក្ត្រ/NN ព្រះ~ឥន្ទ្រាធិរាជ/NN គឺ/VB សុំ/VB អង្វរ/VB ឲ្យ/IN ព្រះ~អង្គ/NN ប្រទាន/VB ពរ/NN ដល់/IN កូន/NN ឯង/PRO និង/CC ឪពុក/NN កូន/NN ឯង/PRO កុំ/RB បី/CD ខាន/RB មិន/RB តែ/RB ប៉ុណ្ណោះ/JJ ម្ដាយ/NN បាន/AUX ទាំង/DT ទូល/VB សុំ/VB ព្រះ~ឥន្ទ្រ/NN ឲ្យ/IN ព្រះ~អង្គ/NN មេត្តា/VB ផ្សាយ/VB នូវ/IN សុភ_មង្គល/NN ដល់/IN មនុស្ស/NN នៅ/IN ឋាន/NN នេះ/DT ទូទៅ/JJ ផង/RB កូន_ប្រុស/NN ពន្លក/NN ម្ដាយ/NN EX-MARK/! ម្ដាយ/NN ពុំ/RB អាច/VB នៅ/VB ជាមួយ_នឹង/IN កូន/NN បាន/VCOM ទៀត/RB តែ/RB ម្ដាយ/NN យក/VB កូន/NN ឯង/PRO ទៅ/IN លេង/VB ប្រាសាទ/NN ម្ដាយ/NN ឯ/IN ឋាន/NN លើ/JJ មួយ/CD ដង/NN ម្ដាយ/NN នឹង/AUX នាំ/VB កូន/NN ឯង/PRO ទៅ/IN មុជ_ទឹក/VB ក្នុង/IN អាង/NN ក្រអូប/NN នៅ_ក្នុង/IN សួន/NN ព្រះ~ឥន្ទ្រ/NN ហើយ/RB ទឹក/NN នោះ/DT នឹង/AUX ជម្រះ/VB កាយ/NN កូន/NN ឯង/PRO ឲ្យ/IN បាត់/VB ធំ/JJ ក្លិន/NN មនុស្ស_លោក/NN បន្ទាប់_ពី/IN នោះ/DT មក/PA ម្ដាយ/NN នឹង/AUX នាំ/VB កូន/NN ឯង/PRO ចូល/VB ទៅ_ក្នុង/IN ប្រាសាទ/NN រួច/RB នាំ/VB កូន/NN ឯង/PRO ទៅ/IN ថ្វាយ_បង្គំ/VB ព្រះ~ឥន្ទ្រ/NN "/SYM ។/KAN
1908c1908
< បុរស/NN ម្នាក់/DT ទៀត/RB ដើរ/VB ទៅ_ដល់/VB ផ្ទះ/NN ប្រពន្ធ/NN ស្រែក/VB សួរ/VB ថា/IN “/LBR យើ/UH !/! បាន/AUX តាំងយូ/NN ១/CD ចំហៀង/NN មក_ពី/IN ណា/PRO ?/? ”/RBR
---
> បុរស/NN ម្នាក់/DT ទៀត/RB ដើរ/VB ទៅ_ដល់/VB ផ្ទះ/NN ប្រពន្ធ/NN ស្រែក/VB សួរ/VB ថា/IN “/LBR យើ/UH EX-MARK/! បាន/AUX តាំងយូ/NN ១/CD ចំហៀង/NN មក_ពី/IN ណា/PRO ?/? ”/RBR
1947c1947
< អ្នក~ស្រុក/NN ស្រែក/VB ឆោឡោ/RB ឡើង/RB ថា/IN "/SYM ពន្លឺ/NN ធ្លាក់/VB !/! ពន្លឺ/NN ធ្លាក់/VB !/! "/SYM ។/KAN
---
> អ្នក~ស្រុក/NN ស្រែក/VB ឆោឡោ/RB ឡើង/RB ថា/IN "/SYM ពន្លឺ/NN ធ្លាក់/VB EX-MARK/! ពន្លឺ/NN ធ្លាក់/VB EX-MARK/! "/SYM ។/KAN
1963c1963
< ព្រះ~មហា_ក្សត្រ/NN ទ្រង់/PRO ទត/VB យល់/VB ដូច្នោះ/RB ទ្រង់/PRO ក៏/RB ស្រែក/VB ប្រាប់/VB ទៅ/IN ទុំ/VB ថា/IN “/LBR ទុំ/PN លែង/VB !/! ទុំ/PN លែង/VB !/! ”/RBR ឮ/VB ហើយ/RB ទើប/RB នាយ/PRO ទុំ/PN ហ៊ាន/VB លែង/VB រមាស/NN នោះ/DT ទៅ/RB ,/SYM ឯ/IN រមាស/NN ក៏/RB បោល/VB ចូល_ក្នុង/IN ព្រៃ/NN បាត់/RB ដោយ/IN ជាប់/VB ទាំង/DT អាន/NN ដែល/RPN រចនា/VB ដោយ/IN ឌិន/NN ទៅ/RB ផង/RB ។/KAN
---
> ព្រះ~មហា_ក្សត្រ/NN ទ្រង់/PRO ទត/VB យល់/VB ដូច្នោះ/RB ទ្រង់/PRO ក៏/RB ស្រែក/VB ប្រាប់/VB ទៅ/IN ទុំ/VB ថា/IN “/LBR ទុំ/PN លែង/VB EX-MARK/! ទុំ/PN លែង/VB EX-MARK/! ”/RBR ឮ/VB ហើយ/RB ទើប/RB នាយ/PRO ទុំ/PN ហ៊ាន/VB លែង/VB រមាស/NN នោះ/DT ទៅ/RB ,/SYM ឯ/IN រមាស/NN ក៏/RB បោល/VB ចូល_ក្នុង/IN ព្រៃ/NN បាត់/RB ដោយ/IN ជាប់/VB ទាំង/DT អាន/NN ដែល/RPN រចនា/VB ដោយ/IN ឌិន/NN ទៅ/RB ផង/RB ។/KAN
2922c2922
< ពស់/NN កេងកង/PN ឮ/VB ក៏/RB លូន/VB ចេញ_មក/VB ហើយ/RB ឆ្លើយ/VB ថា/IN «/LBR អេត/PN អើយ/UH !/! ថា/IN អញ/PRO មិន/RB ទៅ/VB ឪពុក/NN អេត/PN នៅ/VB កាត់/VB ក្បាល/NN អញ/PRO ដាច់/RB »/RBR
---
> ពស់/NN កេងកង/PN ឮ/VB ក៏/RB លូន/VB ចេញ_មក/VB ហើយ/RB ឆ្លើយ/VB ថា/IN «/LBR អេត/PN អើយ/UH EX-MARK/! ថា/IN អញ/PRO មិន/RB ទៅ/VB ឪពុក/NN អេត/PN នៅ/VB កាត់/VB ក្បាល/NN អញ/PRO ដាច់/RB »/RBR
2949c2949
< សាមណេរ/NN នោះ/DT ប្រាប់/VB ថា/IN "/SYM យក/VB ចុះ/PA !/! តែ/RB សូម/VB ប្រគល់/VB ប្រាក់/NN ឲ្យ/IN តែ/RB គ្រប់/JJ ចំនួន/NN មក/PA "/SYM ។/KAN
---
> សាមណេរ/NN នោះ/DT ប្រាប់/VB ថា/IN "/SYM យក/VB ចុះ/PA EX-MARK/! តែ/RB សូម/VB ប្រគល់/VB ប្រាក់/NN ឲ្យ/IN តែ/RB គ្រប់/JJ ចំនួន/NN មក/PA "/SYM ។/KAN
3113c3113
< ធម្មតា/JJ ខ្ញុំ/PRO ក៏/RB រក_ស៊ី/VB លើ/IN គោក/NN ដែរ/RB ប៉ុន្តែ/CC ពេល_នេះ/RB បាន_ជា/RB ខ្ញុំ/PRO ម្នីម្នា/VB នាំ_គ្នា/RB លយ/VB សំពៅ/NN ប្រញាប់ប្រញាល់/JJ រត់/VB បន្ត/RB គ្នា/PRO ដូច្នេះ/RB ពីព្រោះ/CC ឃើញ/VB តាដក់/NN វា/PRO ស្ពាយ/VB យាម/NN ហើយ_ក៏/RB ស្មាន/VB ថា/IN មាន/VB អាសន្ន/NN មក_ដល់/VB ហើយ/RB !/!
---
> ធម្មតា/JJ ខ្ញុំ/PRO ក៏/RB រក_ស៊ី/VB លើ/IN គោក/NN ដែរ/RB ប៉ុន្តែ/CC ពេល_នេះ/RB បាន_ជា/RB ខ្ញុំ/PRO ម្នីម្នា/VB នាំ_គ្នា/RB លយ/VB សំពៅ/NN ប្រញាប់ប្រញាល់/JJ រត់/VB បន្ត/RB គ្នា/PRO ដូច្នេះ/RB ពីព្រោះ/CC ឃើញ/VB តាដក់/NN វា/PRO ស្ពាយ/VB យាម/NN ហើយ_ក៏/RB ស្មាន/VB ថា/IN មាន/VB អាសន្ន/NN មក_ដល់/VB ហើយ/RB EX-MARK/!
3205c3205
< អ្នក~ស្រី/PRO បាន/AUX ថ្លែង/VB ថា/IN ៖/SYM «/LBR គេ/PRO ចោទ/VB ខ្ញុំ/PRO បំផ្លាញ/VB ព្រៃ/NN តែ/RB នៅ_ពេល/IN សវនាការ/NN តុលាការ/NN សួរ/VB ថា/IN តើ/QT ព្រម/VB យក/VB ដី/NN មួយ/CD ហិកតា/NN ដែរ/RB ឬ/IN អត់/RB ?/? បើ/CC ព្រម/VB យក/VB ឲ្យ/VB រួច/RB ខ្លួន/NN បើ/CC មិន/RB ព្រម/VB យក/VB ជាប់/VB គុក/NN យូរ/JJ !/! ដោយ/IN ខ្ញុំ/PRO ខ្លាច/VB ជាប់/VB គុក/NN យូរ/JJ ខ្ញុំ/PRO ក៏/RB ព្រម/VB យក/VB តែ/RB រហូត_មក_ទល់/IN ថ្ងៃ/NN នេះ/DT ខ្ញុំ/PRO មិន/RB ទាន់/RB បាន/VB ដី/NN សំណង/NN នោះ/DT នៅ_ឡើយ/RB ទេ/PA ។/KAN
---
> អ្នក~ស្រី/PRO បាន/AUX ថ្លែង/VB ថា/IN ៖/SYM «/LBR គេ/PRO ចោទ/VB ខ្ញុំ/PRO បំផ្លាញ/VB ព្រៃ/NN តែ/RB នៅ_ពេល/IN សវនាការ/NN តុលាការ/NN សួរ/VB ថា/IN តើ/QT ព្រម/VB យក/VB ដី/NN មួយ/CD ហិកតា/NN ដែរ/RB ឬ/IN អត់/RB ?/? បើ/CC ព្រម/VB យក/VB ឲ្យ/VB រួច/RB ខ្លួន/NN បើ/CC មិន/RB ព្រម/VB យក/VB ជាប់/VB គុក/NN យូរ/JJ EX-MARK/! ដោយ/IN ខ្ញុំ/PRO ខ្លាច/VB ជាប់/VB គុក/NN យូរ/JJ ខ្ញុំ/PRO ក៏/RB ព្រម/VB យក/VB តែ/RB រហូត_មក_ទល់/IN ថ្ងៃ/NN នេះ/DT ខ្ញុំ/PRO មិន/RB ទាន់/RB បាន/VB ដី/NN សំណង/NN នោះ/DT នៅ_ឡើយ/RB ទេ/PA ។/KAN
4191c4191
< ពស់/NN កេងកង/PN ឮ/VB ហើយ/RB ឆ្លើយ/VB ថា/IN «/LBR អេត/PN អេត/PN អើយ/UH !/! ថា/IN អញ/PRO មិន/RB ទៅ/VB ឪពុក/NN អេត/PN នៅ/VB កាត់/VB ក/NN អញ/PRO ដាច់/RB »/RBR
---
> ពស់/NN កេងកង/PN ឮ/VB ហើយ/RB ឆ្លើយ/VB ថា/IN «/LBR អេត/PN អេត/PN អើយ/UH EX-MARK/! ថា/IN អញ/PRO មិន/RB ទៅ/VB ឪពុក/NN អេត/PN នៅ/VB កាត់/VB ក/NN អញ/PRO ដាច់/RB »/RBR
4226c4226
< ពួក/NN ចាម/PN ផ្ដើម/VB និយាយ/VB ទៀត/RB ថា/IN "/SYM សុំ_ទោស/VB លោក~គ្រូ/NN !/! គោ/NN លោក~គ្រូ/NN ដែល/RPN ចង/VB ក្រោម/IN កុដិ/NN សូម/VB ទុក_ដាក់/VB ឲ្យ/IN ខ្ញុំ/PRO ព្រះ~ករុណា/NN មក/PA !/! ទុក/VB ធ្វើ/VB អ្វី/PRO ?/? លោក~គ្រូ/NN រក/VB ពី/IN កូន_សិស្ស/NN ទៀត/RB គង់_តែ/RB បាន/AUX ជាវ/VB យក/VB បច្ច័យ/NN សម្រាប់/IN កសាង/VB វត្ត/NN ទៅ/PA ខ្ញុំ/PRO ព្រះ~ករុណា/NN ប្រគេន/VB ១០/CD បាទ/PN "/SYM ។/KAN
---
> ពួក/NN ចាម/PN ផ្ដើម/VB និយាយ/VB ទៀត/RB ថា/IN "/SYM សុំ_ទោស/VB លោក~គ្រូ/NN EX-MARK/! គោ/NN លោក~គ្រូ/NN ដែល/RPN ចង/VB ក្រោម/IN កុដិ/NN សូម/VB ទុក_ដាក់/VB ឲ្យ/IN ខ្ញុំ/PRO ព្រះ~ករុណា/NN មក/PA EX-MARK/! ទុក/VB ធ្វើ/VB អ្វី/PRO ?/? លោក~គ្រូ/NN រក/VB ពី/IN កូន_សិស្ស/NN ទៀត/RB គង់_តែ/RB បាន/AUX ជាវ/VB យក/VB បច្ច័យ/NN សម្រាប់/IN កសាង/VB វត្ត/NN ទៅ/PA ខ្ញុំ/PRO ព្រះ~ករុណា/NN ប្រគេន/VB ១០/CD បាទ/PN "/SYM ។/KAN
4306c4306
< -/SYM មាន់/NN ទឹក/NN ស្រែក/VB ថា/IN ៖/SYM ច្រវា/NN !/! ច្រវា/NN !/! ច្រវា/NN !/! ។/KAN
---
> -/SYM មាន់/NN ទឹក/NN ស្រែក/VB ថា/IN ៖/SYM ច្រវា/NN EX-MARK/! ច្រវា/NN EX-MARK/! ច្រវា/NN EX-MARK/! ។/KAN
4759c4759
< ទើប/RB ចៅ/NN នោះ/DT ដើរ/VB ចូល_មក/VB ក្រោម/IN ម្លប់/NN តាំងយូ/NN ហើយ/RB ថា/IN “/LBR អ្នក/PRO អើយ/UH !/! ឲ្យ/VB មក/IN ខ្ញុំ/PRO កាន់/VB ឲ្យ/IN អ្នក/PRO ”/RBR
---
> ទើប/RB ចៅ/NN នោះ/DT ដើរ/VB ចូល_មក/VB ក្រោម/IN ម្លប់/NN តាំងយូ/NN ហើយ/RB ថា/IN “/LBR អ្នក/PRO អើយ/UH EX-MARK/! ឲ្យ/VB មក/IN ខ្ញុំ/PRO កាន់/VB ឲ្យ/IN អ្នក/PRO ”/RBR
4906c4906
< -/SYM ក្អែក/NN ស្រែក/VB ថា/IN ៖/SYM “/LBR ងាប់/JJ ឥឡូវ/RB !/! ងាប់/JJ ឥឡូវ/RB !/! ងាប់/JJ ឥឡូវ/RB !/! ”/RBR (/LBR ត្រង់_នេះ/RB ហើយ/RB បាន_ជា/RB ក្អែក/NN នៅ/VB ជាប់/JJ ស្រែក/VB ថា/IN ៖/SYM ឡូវ/UH ៗ/DBL នៅ/IN ដល់/IN សព្វ/DT ថ្ងៃ/NN ។/KAN )/RBR
---
> -/SYM ក្អែក/NN ស្រែក/VB ថា/IN ៖/SYM “/LBR ងាប់/JJ ឥឡូវ/RB EX-MARK/! ងាប់/JJ ឥឡូវ/RB EX-MARK/! ងាប់/JJ ឥឡូវ/RB EX-MARK/! ”/RBR (/LBR ត្រង់_នេះ/RB ហើយ/RB បាន_ជា/RB ក្អែក/NN នៅ/VB ជាប់/JJ ស្រែក/VB ថា/IN ៖/SYM ឡូវ/UH ៗ/DBL នៅ/IN ដល់/IN សព្វ/DT ថ្ងៃ/NN ។/KAN )/RBR
5031c5031
< លុះ/IN នាំ_គ្នា/RB ធ្វើ/VB បទ_ភ្លេង/NN បាន/VCOM មួយ/CD យប់/NN ហើយ/RB ទីទុយ/NN ជា/IN ស្នំ/NN ចាប់ផ្ដើម/VB សួរ/VB ឡើង/RB ថា/IN ៖/SYM ទីទុយ/NN ពើត/UH ពើង/UH !/! កូន/NN យើង/PRO ជា/JJ ទេ/PA ?/? ទីទុយ/NN ពើត/UH ពើង/UH !/! កូន/NN យើង/PRO ជា/JJ ទេ/PA ?/?
---
> លុះ/IN នាំ_គ្នា/RB ធ្វើ/VB បទ_ភ្លេង/NN បាន/VCOM មួយ/CD យប់/NN ហើយ/RB ទីទុយ/NN ជា/IN ស្នំ/NN ចាប់ផ្ដើម/VB សួរ/VB ឡើង/RB ថា/IN ៖/SYM ទីទុយ/NN ពើត/UH ពើង/UH EX-MARK/! កូន/NN យើង/PRO ជា/JJ ទេ/PA ?/? ទីទុយ/NN ពើត/UH ពើង/UH EX-MARK/! កូន/NN យើង/PRO ជា/JJ ទេ/PA ?/?
5075c5075
< -/SYM មាន់/NN ស្រែក/VB ថា/IN “/LBR ចប/NN !/! ចប/NN !/! ”/RBR បាន/AUX ន័យ/NN ថា/IN ឲ្យ/VB រក/VB ចប/NN មក/IN បម្រុង/VB ចាំ/VB កប់/JJ ខ្មោច/NN ព្រាប/NN តែ_ម្ដង/RB ទៅ/PA ព្រោះ/CC ព្រាប/NN នេះ/DT វា/PRO នឹង/AUX ស្លាប់/VB ឥឡូវ/RB ហើយ/RB ។/KAN
---
> -/SYM មាន់/NN ស្រែក/VB ថា/IN “/LBR ចប/NN EX-MARK/! ចប/NN EX-MARK/! ”/RBR បាន/AUX ន័យ/NN ថា/IN ឲ្យ/VB រក/VB ចប/NN មក/IN បម្រុង/VB ចាំ/VB កប់/JJ ខ្មោច/NN ព្រាប/NN តែ_ម្ដង/RB ទៅ/PA ព្រោះ/CC ព្រាប/NN នេះ/DT វា/PRO នឹង/AUX ស្លាប់/VB ឥឡូវ/RB ហើយ/RB ។/KAN
5083c5083
< តាដក់/NN ឆ្លើយ/VB ថា/IN ៖/SYM បាន_ជា/RB ខ្ញុំ/PRO ជាន់/VB កូន/NN ក្រួច/NN ព្រោះ/CC ខ្ញុំ/PRO ភ័យ/VB ដោយ/IN មក_ពី/IN ខ្ញុំ/PRO ឃើញ/VB សត្វ/NN ក្រសារ/NN វា/PRO ហូត/VB ដាវ/NN ខ្វាក/UH ៗ/DBL ខ្ញុំ/PRO នឹក/VB ថា/IN ប្រហែល_ជា/RB មាន/VB សត្រូវ/NN មក_ដល់/VB ទើប/RB បាន_ជា/RB ខ្ញុំ/PRO ស្ទុះ/VB ម្នីម្នា/VB មិន/RB ឃើញ/VB ទៅ/VB ជាន់/VB កូន/NN ក្រូច/NN ដូច្នេះ/RB !/!
---
> តាដក់/NN ឆ្លើយ/VB ថា/IN ៖/SYM បាន_ជា/RB ខ្ញុំ/PRO ជាន់/VB កូន/NN ក្រួច/NN ព្រោះ/CC ខ្ញុំ/PRO ភ័យ/VB ដោយ/IN មក_ពី/IN ខ្ញុំ/PRO ឃើញ/VB សត្វ/NN ក្រសារ/NN វា/PRO ហូត/VB ដាវ/NN ខ្វាក/UH ៗ/DBL ខ្ញុំ/PRO នឹក/VB ថា/IN ប្រហែល_ជា/RB មាន/VB សត្រូវ/NN មក_ដល់/VB ទើប/RB បាន_ជា/RB ខ្ញុំ/PRO ស្ទុះ/VB ម្នីម្នា/VB មិន/RB ឃើញ/VB ទៅ/VB ជាន់/VB កូន/NN ក្រូច/NN ដូច្នេះ/RB EX-MARK/!
5240c5240
< ចាម/PN ប្រកែក/VB ថា/IN "/SYM មិន/RB មែន/RB ទេ/PA !/! ខ្ញុំ/PRO ព្រះ~ករុណា/NN និយាយ/VB នឹង/IN លោក~គ្រូ/NN ថា/IN ១០/CD បាទ/PN គឺ/VB ១០/CD រៀល/PN បាន/AUX ទាំង/DT កក់/VB ២/CD រៀល/PN ហើយ/RB នៅ/IN ខ្វះ/VB ៨/CD រៀល/PN ទៀត/RB "/SYM ។/KAN
---
> ចាម/PN ប្រកែក/VB ថា/IN "/SYM មិន/RB មែន/RB ទេ/PA EX-MARK/! ខ្ញុំ/PRO ព្រះ~ករុណា/NN និយាយ/VB នឹង/IN លោក~គ្រូ/NN ថា/IN ១០/CD បាទ/PN គឺ/VB ១០/CD រៀល/PN បាន/AUX ទាំង/DT កក់/VB ២/CD រៀល/PN ហើយ/RB នៅ/IN ខ្វះ/VB ៨/CD រៀល/PN ទៀត/RB "/SYM ។/KAN
6274c6274
< សាមណេរ/NN ថា/VB យក/VB សាច់_ប្រាក់/NN មក/IN វាល់/VB នឹង/IN បាត្រ/NN លោក/NN បិណ្ឌ/VB ទើប/RB បាន/VCOM ពុំ/RB មែន/RB ១/CD បាទ/PN គិត/VB ១/CD រៀល/PN ទេ/PA ប្រាក់/NN ត្រឹម/IN ១០/CD រៀល/PN ធ្វើ/VB ម្ដេច/RB នឹង/AUX យក/VB ទៅ/IN កសាង/VB វត្ត/NN បាន/VCOM ?/? បើ/CC ថៅកែ/NN ពុំ/RB ព្រម/VB វាល់/VB ប្រាក់/NN នឹង/IN បាត្រ/NN ឲ្យ/IN លោក/PRO ទេ/PA អាត្មា/PRO ក៏/RB ពុំ/RB ព្រម/VB ឲ្យ/VB គោ/NN ដែរ/RB ឯ/IN ប្រាក់/NN ២/CD រៀល/PN ដែល/RPN កក់/VB នេះ/DT អាត្មា/PRO សុខ_ចិត្ត/VB ចេញ/VB ជំនួស/JJ លោក~គ្រូ/NN ,/SYM ហ្នែ/UH !/! យក/VB ទៅ/IN ចុះ/PA ប្រាក់/NN ២/CD រៀល/PN "/SYM ។/KAN
---
> សាមណេរ/NN ថា/VB យក/VB សាច់_ប្រាក់/NN មក/IN វាល់/VB នឹង/IN បាត្រ/NN លោក/NN បិណ្ឌ/VB ទើប/RB បាន/VCOM ពុំ/RB មែន/RB ១/CD បាទ/PN គិត/VB ១/CD រៀល/PN ទេ/PA ប្រាក់/NN ត្រឹម/IN ១០/CD រៀល/PN ធ្វើ/VB ម្ដេច/RB នឹង/AUX យក/VB ទៅ/IN កសាង/VB វត្ត/NN បាន/VCOM ?/? បើ/CC ថៅកែ/NN ពុំ/RB ព្រម/VB វាល់/VB ប្រាក់/NN នឹង/IN បាត្រ/NN ឲ្យ/IN លោក/PRO ទេ/PA អាត្មា/PRO ក៏/RB ពុំ/RB ព្រម/VB ឲ្យ/VB គោ/NN ដែរ/RB ឯ/IN ប្រាក់/NN ២/CD រៀល/PN ដែល/RPN កក់/VB នេះ/DT អាត្មា/PRO សុខ_ចិត្ត/VB ចេញ/VB ជំនួស/JJ លោក~គ្រូ/NN ,/SYM ហ្នែ/UH EX-MARK/! យក/VB ទៅ/IN ចុះ/PA ប្រាក់/NN ២/CD រៀល/PN "/SYM ។/KAN
6386c6386
< ព្រះ~ពិស្ណុការ/PN ស្រែក/VB ឡើង/VB ថា/IN "/SYM ម៉ែ/NN !/! ម៉ែ/NN !/! ខ្ញុំ/PRO នេះ/DT ត្រូវ/VB ជា/VB កូន/NN ម៉ែ/NN "/SYM ។/KAN
---
> ព្រះ~ពិស្ណុការ/PN ស្រែក/VB ឡើង/VB ថា/IN "/SYM ម៉ែ/NN EX-MARK/! ម៉ែ/NN EX-MARK/! ខ្ញុំ/PRO នេះ/DT ត្រូវ/VB ជា/VB កូន/NN ម៉ែ/NN "/SYM ។/KAN
6669c6669
< ឮ/VB ដូច/JJ នោះ/DT គ្រលីងគ្រលោង/NN ក៏/RB ស្រែក/VB ឡើង/VB ថា/IN ៖/SYM “/LBR ជា/JJ ក៏/RB លៀង/VB មិន/RB ជា/JJ ក៏/RB លៀង/VB ជា/VB ក៏/RB លៀង/VB មិន/RB ជា/VB ក៏/RB លៀង/VB !/! ”/RBR
---
> ឮ/VB ដូច/JJ នោះ/DT គ្រលីងគ្រលោង/NN ក៏/RB ស្រែក/VB ឡើង/VB ថា/IN ៖/SYM “/LBR ជា/JJ ក៏/RB លៀង/VB មិន/RB ជា/JJ ក៏/RB លៀង/VB ជា/VB ក៏/RB លៀង/VB មិន/RB ជា/VB ក៏/RB លៀង/VB EX-MARK/! ”/RBR
6964c6964
< -/SYM ប្ដី/NN ហង/PRO ឲ្យ/VB ទៅ/VB ឲ្យ/IN ឆាប់/JJ ព្រោះ/CC កូន/NN យំ/VB ខ្លាំង/JJ ណាស់/RB !/!
---
> -/SYM ប្ដី/NN ហង/PRO ឲ្យ/VB ទៅ/VB ឲ្យ/IN ឆាប់/JJ ព្រោះ/CC កូន/NN យំ/VB ខ្លាំង/JJ ណាស់/RB EX-MARK/!
6978c6978
< នៅ/IN ពេល/NN នោះ/DT សត្វ/NN រលក/NN ស្រែក/VB ថា/IN “/LBR រ៉ក/UH គ្រូ/UH !/! រ៉ក/UH គ្រូ/UH !/! ”/RBR តែ/RB សត្វ/NN ដទៃ/JJ ជំនុំ_គ្នា/VB ថា/IN ត្រូវ/VB ទៅ/VB រក/VB រូប/NN មេមត់/NN ឲ្យ/IN ជួយ_សង្គ្រោះ/VB ជីវិត/NN សត្វ/NN ព្រាប/NN វិញ/RB ប៉ុន្តែ/CC រូប/NN មេមត់/NN នោះ/DT នៅ/IN ឆ្ងាយ/JJ ណាស់/RB ហើយ/RB ពេល_នេះ/RB ជា/VB រដូវ/NN វស្សា/NN មាន/VB ទឹក/NN ជោរ_ជន់/VB លិច/VB វាល/NN ល្ហល្ហាច/JJ ផង/RB ។/KAN
---
> នៅ/IN ពេល/NN នោះ/DT សត្វ/NN រលក/NN ស្រែក/VB ថា/IN “/LBR រ៉ក/UH គ្រូ/UH EX-MARK/! រ៉ក/UH គ្រូ/UH EX-MARK/! ”/RBR តែ/RB សត្វ/NN ដទៃ/JJ ជំនុំ_គ្នា/VB ថា/IN ត្រូវ/VB ទៅ/VB រក/VB រូប/NN មេមត់/NN ឲ្យ/IN ជួយ_សង្គ្រោះ/VB ជីវិត/NN សត្វ/NN ព្រាប/NN វិញ/RB ប៉ុន្តែ/CC រូប/NN មេមត់/NN នោះ/DT នៅ/IN ឆ្ងាយ/JJ ណាស់/RB ហើយ/RB ពេល_នេះ/RB ជា/VB រដូវ/NN វស្សា/NN មាន/VB ទឹក/NN ជោរ_ជន់/VB លិច/VB វាល/NN ល្ហល្ហាច/JJ ផង/RB ។/KAN
7015c7015
< អណ្ដើក/NN បាន/VB ដៃ/NN ហើយ_ក៏/RB ជេរ/VB ថា/IN “/LBR យី/UH អា/PRO ចង្រៃ/JJ អស់/RB នេះ/DT ល្ងង់/JJ ដូច្នេះ/RB តើ/QT បាន_ជា/RB រក/VB សត្វ/NN ជើង/NN មួយ/CD មិន/RB បាន/VCOM សោះ/PA ចាំ/VB អញ/PRO ប្រាប់/VB ឲ្យ/IN ច្បាស់/JJ ទៅ/PA សត្វ/NN ជើង/NN មួយ/CD គឺ/VB ផ្សិត/NN នេះ/DT ឯង/PRO ប៉ុន្តែ/CC អញ/PRO មិន/RB ប្រាប់/VB ត្រង់/JJ អញ/PRO ចង់/VB ដឹង/VB ប្រាជ្ញ/NN អា/PRO ឯង/PRO ទាំងអស់/DT គ្នា/PRO មើល៍/PA តើ/QT ប្រាជ្ញ/NN ដូច/JJ អញ/PRO ឬ/IN មិន/RB ដូច/JJ !/! ”/RBR
---
> អណ្ដើក/NN បាន/VB ដៃ/NN ហើយ_ក៏/RB ជេរ/VB ថា/IN “/LBR យី/UH អា/PRO ចង្រៃ/JJ អស់/RB នេះ/DT ល្ងង់/JJ ដូច្នេះ/RB តើ/QT បាន_ជា/RB រក/VB សត្វ/NN ជើង/NN មួយ/CD មិន/RB បាន/VCOM សោះ/PA ចាំ/VB អញ/PRO ប្រាប់/VB ឲ្យ/IN ច្បាស់/JJ ទៅ/PA សត្វ/NN ជើង/NN មួយ/CD គឺ/VB ផ្សិត/NN នេះ/DT ឯង/PRO ប៉ុន្តែ/CC អញ/PRO មិន/RB ប្រាប់/VB ត្រង់/JJ អញ/PRO ចង់/VB ដឹង/VB ប្រាជ្ញ/NN អា/PRO ឯង/PRO ទាំងអស់/DT គ្នា/PRO មើល៍/PA តើ/QT ប្រាជ្ញ/NN ដូច/JJ អញ/PRO ឬ/IN មិន/RB ដូច/JJ EX-MARK/! ”/RBR
7520c7520
< -/SYM ទោស/NN នេះ/DT មក_ពី/IN តាដក់/NN ខ្លួន_ឯង/PRO នេះ/DT តើ/UH !/!
---
> -/SYM ទោស/NN នេះ/DT មក_ពី/IN តាដក់/NN ខ្លួន_ឯង/PRO នេះ/DT តើ/UH EX-MARK/!
7534c7534
< នាង/PRO អេត/PN ទៅ_ដល់/VB ឈរ/VB នៅ/IN មាត់/NN រន្ធ/NN ពស់/NN ហៅ/VB_JJ ថា/IN «/LBR ពស់/NN កេងកង/PN អើយ/UH នាង/PRO នី/PN ឲ្យ/VB ហៅ/VB !/! »/RBR
---
> នាង/PRO អេត/PN ទៅ_ដល់/VB ឈរ/VB នៅ/IN មាត់/NN រន្ធ/NN ពស់/NN ហៅ/VB_JJ ថា/IN «/LBR ពស់/NN កេងកង/PN អើយ/UH នាង/PRO នី/PN ឲ្យ/VB ហៅ/VB EX-MARK/! »/RBR
7537c7537
< នាង/PRO នី/PN ឮ/VB ពស់/NN កេងកង/PN ថា/IN ដូច្នោះ/RB ហើយ/CC ហេតុ_តែ/IN ជា/VB ស្រី/NN ខូច/JJ ក៏/RB ទទួល_ព្រម/VB ថា/IN អើ/UH !/! លែង_តែ/IN អ្នក/PRO ឲ្យ/VB ដឹង/NN មក/IN ខ្ញុំ/PRO ចុះ/PA ចាំ/RB ល្ងាច/NN សឹម/RB ខ្ញុំ/PRO ឲ្យ/VB មេ/NN អេត/PN មក/VB ហៅ/VB »/RBR
---
> នាង/PRO នី/PN ឮ/VB ពស់/NN កេងកង/PN ថា/IN ដូច្នោះ/RB ហើយ/CC ហេតុ_តែ/IN ជា/VB ស្រី/NN ខូច/JJ ក៏/RB ទទួល_ព្រម/VB ថា/IN អើ/UH EX-MARK/! លែង_តែ/IN អ្នក/PRO ឲ្យ/VB ដឹង/NN មក/IN ខ្ញុំ/PRO ចុះ/PA ចាំ/RB ល្ងាច/NN សឹម/RB ខ្ញុំ/PRO ឲ្យ/VB មេ/NN អេត/PN មក/VB ហៅ/VB »/RBR
8282c8282
< នៅ/IN ថ្ងៃ_ទី/NN ១០/CD ខែ_ធ្នូ/PN គ្រប់/DT អ្នក/PRO ដើរ_ហែ/VB_JJ ក្បួន/NN តាម/IN ផ្លូវ/NN ជាតិ/NN ទាំងអស់/DT នឹង/AUX មក/VB ជួប_ជុំ_គ្នា/VB នៅ/IN រាជ_ធានី/NN ភ្នំ_ពេញ/PN និង/CC បង្ហាញ/VB ញត្តិ/NN របស់/IN អ្នក/PRO ទាំង_នោះ/DT ទៅ_ដល់/IN រដ្ឋ_សភា/NN ជាតិ/NN ក៏/RB ដូច_ជា/IN បង្ហោះ/VB ប៉ោងប៉ោង/NN និង/CC ច្រៀង/VB បទ/NN ភ្លេង/NN ជាតិ/NN ផង_ដែរ/RB ដើម្បី/IN ជូន/VB ជា/IN ដំណឹង/NN ដល់/IN អ្នក~តំណាង_រាស្ត្រ/NN ទាំងអស់/DT អំពី/IN សារ/NN នៃ/IN សិទិ្ធ/NN មនុស្ស/NN អន្តរ_ជាតិ/NN នា/IN ឆ្នាំ/NN នេះ/DT គឺ/VB “/LBR ការ~គោរព/NN សិទិ្ធ/NN មនុស្ស/NN នាំ_មក/VB នូវ/IN សន្តិភាព/NN !/! ”/RBR
---
> នៅ/IN ថ្ងៃ_ទី/NN ១០/CD ខែ_ធ្នូ/PN គ្រប់/DT អ្នក/PRO ដើរ_ហែ/VB_JJ ក្បួន/NN តាម/IN ផ្លូវ/NN ជាតិ/NN ទាំងអស់/DT នឹង/AUX មក/VB ជួប_ជុំ_គ្នា/VB នៅ/IN រាជ_ធានី/NN ភ្នំ_ពេញ/PN និង/CC បង្ហាញ/VB ញត្តិ/NN របស់/IN អ្នក/PRO ទាំង_នោះ/DT ទៅ_ដល់/IN រដ្ឋ_សភា/NN ជាតិ/NN ក៏/RB ដូច_ជា/IN បង្ហោះ/VB ប៉ោងប៉ោង/NN និង/CC ច្រៀង/VB បទ/NN ភ្លេង/NN ជាតិ/NN ផង_ដែរ/RB ដើម្បី/IN ជូន/VB ជា/IN ដំណឹង/NN ដល់/IN អ្នក~តំណាង_រាស្ត្រ/NN ទាំងអស់/DT អំពី/IN សារ/NN នៃ/IN សិទិ្ធ/NN មនុស្ស/NN អន្តរ_ជាតិ/NN នា/IN ឆ្នាំ/NN នេះ/DT គឺ/VB “/LBR ការ~គោរព/NN សិទិ្ធ/NN មនុស្ស/NN នាំ_មក/VB នូវ/IN សន្តិភាព/NN EX-MARK/! ”/RBR
8442c8442
< -/SYM បាន_ជា/RB ខ្ញុំ/PRO ហូត/VB ដាវ/NN ប្រញាប់/JJ ណាស់/RB ព្រោះ/CC ពេល/NN នោះ/DT ខ្ញុំ/PRO ឃើញ/VB ក្អែក/NN ទឹក/NN លើក/VB ទ័ព/NN សម្បើម/JJ ណាស់/RB ទើប/RB ខ្ញុំ/PRO ភ័យ/VB !/!
---
> -/SYM បាន_ជា/RB ខ្ញុំ/PRO ហូត/VB ដាវ/NN ប្រញាប់/JJ ណាស់/RB ព្រោះ/CC ពេល/NN នោះ/DT ខ្ញុំ/PRO ឃើញ/VB ក្អែក/NN ទឹក/NN លើក/VB ទ័ព/NN សម្បើម/JJ ណាស់/RB ទើប/RB ខ្ញុំ/PRO ភ័យ/VB EX-MARK/!
8988c8988
< ខ្លា/NN -/SYM ដំរី/NN -/SYM ស្វា/NN -/SYM ក្ងោក/NN ត្រឡប់/VB មក_វិញ/RB មិន/RB ទាន់/RB ទាំង/DT សួរ/VB ថា/IN ដូច_ម្ដេច/RB ផង/RB អណ្ដើក/NN ក៏/RB ស្រែក/VB ថា/IN “/LBR យើ/UH បង/NN អវៈ/NN សិន្ធរ/NN តើ/QT មក/VB រក/VB អ្វី/PRO យើ/UH !/! អា/PRO នេះ/DT ខូច/JJ ណាស់/RB ហ៊ាន/VB លួច/VB ផ្លិត/NN កន្ទុយ/NN ក្ងោក/NN ព្រះ~រាជា/NN មក/RB ជាមួយ/IN ផង/RB ”/RBR ។/KAN
---
> ខ្លា/NN -/SYM ដំរី/NN -/SYM ស្វា/NN -/SYM ក្ងោក/NN ត្រឡប់/VB មក_វិញ/RB មិន/RB ទាន់/RB ទាំង/DT សួរ/VB ថា/IN ដូច_ម្ដេច/RB ផង/RB អណ្ដើក/NN ក៏/RB ស្រែក/VB ថា/IN “/LBR យើ/UH បង/NN អវៈ/NN សិន្ធរ/NN តើ/QT មក/VB រក/VB អ្វី/PRO យើ/UH EX-MARK/! អា/PRO នេះ/DT ខូច/JJ ណាស់/RB ហ៊ាន/VB លួច/VB ផ្លិត/NN កន្ទុយ/NN ក្ងោក/NN ព្រះ~រាជា/NN មក/RB ជាមួយ/IN ផង/RB ”/RBR ។/KAN
9513c9513
< -/SYM នែ/UH បង/NN ដំរី/NN ឈប់/VB សិន/RB !/! ទាំងអស់/DT គ្នា/PRO ស្ដាប់/VB អញ/PRO អញ/PRO ជា/VB នាម៉ឺន/NN ក្នុង/IN វាំង/NN បើ/CC អញ/PRO ចូល/VB វាំង/NN ម្ដង/PRO ៗ/DBL ពួក/NN ស្រី/NN ស្នំ/NN ចេះ_តែ/RB នាំ_គ្នា/RB សុំ/VB ផ្កា/NN ឈូក/NN ពី/IN អញ/PRO បើ/CC ដូច្នេះ/RB ត្រូវ/VB បង/NN ស្វា/NN ដាក់/VB អញ/PRO ចុះ/RB ពី/IN ដំរី/NN ។/KAN
---
> -/SYM នែ/UH បង/NN ដំរី/NN ឈប់/VB សិន/RB EX-MARK/! ទាំងអស់/DT គ្នា/PRO ស្ដាប់/VB អញ/PRO អញ/PRO ជា/VB នាម៉ឺន/NN ក្នុង/IN វាំង/NN បើ/CC អញ/PRO ចូល/VB វាំង/NN ម្ដង/PRO ៗ/DBL ពួក/NN ស្រី/NN ស្នំ/NN ចេះ_តែ/RB នាំ_គ្នា/RB សុំ/VB ផ្កា/NN ឈូក/NN ពី/IN អញ/PRO បើ/CC ដូច្នេះ/RB ត្រូវ/VB បង/NN ស្វា/NN ដាក់/VB អញ/PRO ចុះ/RB ពី/IN ដំរី/NN ។/KAN
9843c9843
< ប្ដី/NN ប្រាប់/VB ទៅ/IN ប្រពន្ធ/NN ថា/IN “/LBR ឯង/PRO អើយ/UH !/! អញ/PRO ដើរ/VB ទៅ/IN លេង/RB ៗ/DBL បាន/VCOM តាំងយូ/NN ១/CD ចំហៀង/NN ព្រងើយ/RB ”/RBR
---
> ប្ដី/NN ប្រាប់/VB ទៅ/IN ប្រពន្ធ/NN ថា/IN “/LBR ឯង/PRO អើយ/UH EX-MARK/! អញ/PRO ដើរ/VB ទៅ/IN លេង/RB ៗ/DBL បាន/VCOM តាំងយូ/NN ១/CD ចំហៀង/NN ព្រងើយ/RB ”/RBR
10538c10538
< -/SYM តាដក់/NN !/! ហេតុ/NN ម៉េច/RB បាន_ជា/RB ទៅ/VB ជាន់/VB កូន/NN ក្រួច/NN ឲ្យ/IN ស្លាប់/VB បង់_ជីវិត/VB ដូច្នេះ/RB ?/?
---
> -/SYM តាដក់/NN EX-MARK/! ហេតុ/NN ម៉េច/RB បាន_ជា/RB ទៅ/VB ជាន់/VB កូន/NN ក្រួច/NN ឲ្យ/IN ស្លាប់/VB បង់_ជីវិត/VB ដូច្នេះ/RB ?/?
10791c10791
< -/SYM អើ/UH !/! បង/NN ក្រួច/NN ទៅ/VB ណា/PRO មក/VB ណា/PRO ?/?
---
> -/SYM អើ/UH EX-MARK/! បង/NN ក្រួច/NN ទៅ/VB ណា/PRO មក/VB ណា/PRO ?/?
10900c10900
< ប្រពន្ធ/NN ឃើញ/VB រត់/VB ទទួល_យក/VB គ្រឿង/NN ប្រដាប់/NN នាំ/VB ប្ដី/NN ឡើង/VB ទៅ_លើ/IN ផ្ទះ/NN យក/VB ទឹក/NN លាង/VB ជើង/NN ឲ្យ/IN ប្ដី/NN ហើយ/RB សួរ/VB ថា/IN «/LBR អ្នក/PRO ទៅ/VB បាន/VB ការ/NN ដូច_ម្ដេច/RB ខ្លះ/DT ?/? ប្ដី/NN ថា/IN មិន/RB ទាន់/RB បាន/VCOM ទេ/PA នាង/PRO !/! ចាំ/VB ស្អែក/NN សឹម/RB ទៅ/VB ទៀត/RB ដល់/IN កន្លែង/NN ដើម_ឈើ/NN នោះ/DT ហើយ/RB ,/SYM រុក្ខ/NN ទេវតា/NN ដែល/RPN អាស្រ័យ/VB នៅ/VB ទី_នោះ/NN ឮ/VB បុរស/NN កម្ជិល/JJ ថា/IN ដូច្នោះ/RB ក៏/RB ភ័យ/VB ខ្លាច/VB រក/VB កន្លែង/NN នៅ/VB គ្មាន/RB ក៏/RB គិត/VB គ្នា/PRO នឹង/AUX តាម/IN ទៅ/VB វាយ/VB សម្លាប់/VB បុរស/NN កម្ជិល/JJ នោះ/DT ឲ្យ/VB ស្លាប់/VB នៅ/IN មាត់/NN ជណ្ដើរ/NN ផ្ទះ/NN កុំ/RB ឲ្យ/VB វា/PRO មក/VB កាប់/VB ឈើ/NN នេះ/DT បាន/AUX
---
> ប្រពន្ធ/NN ឃើញ/VB រត់/VB ទទួល_យក/VB គ្រឿង/NN ប្រដាប់/NN នាំ/VB ប្ដី/NN ឡើង/VB ទៅ_លើ/IN ផ្ទះ/NN យក/VB ទឹក/NN លាង/VB ជើង/NN ឲ្យ/IN ប្ដី/NN ហើយ/RB សួរ/VB ថា/IN «/LBR អ្នក/PRO ទៅ/VB បាន/VB ការ/NN ដូច_ម្ដេច/RB ខ្លះ/DT ?/? ប្ដី/NN ថា/IN មិន/RB ទាន់/RB បាន/VCOM ទេ/PA នាង/PRO EX-MARK/! ចាំ/VB ស្អែក/NN សឹម/RB ទៅ/VB ទៀត/RB ដល់/IN កន្លែង/NN ដើម_ឈើ/NN នោះ/DT ហើយ/RB ,/SYM រុក្ខ/NN ទេវតា/NN ដែល/RPN អាស្រ័យ/VB នៅ/VB ទី_នោះ/NN ឮ/VB បុរស/NN កម្ជិល/JJ ថា/IN ដូច្នោះ/RB ក៏/RB ភ័យ/VB ខ្លាច/VB រក/VB កន្លែង/NN នៅ/VB គ្មាន/RB ក៏/RB គិត/VB គ្នា/PRO នឹង/AUX តាម/IN ទៅ/VB វាយ/VB សម្លាប់/VB បុរស/NN កម្ជិល/JJ នោះ/DT ឲ្យ/VB ស្លាប់/VB នៅ/IN មាត់/NN ជណ្ដើរ/NN ផ្ទះ/NN កុំ/RB ឲ្យ/VB វា/PRO មក/VB កាប់/VB ឈើ/NN នេះ/DT បាន/AUX
10967c10967
< ព្រះ~ឥន្ទ្រ/NN ឆ្លើយ/VB ថា/IN "/SYM មែន/RB ហើយ/RB !/! មនុស្ស/NN ណា/PRO ដែល/RPN ចេះ/VB វិជ្ជា/NN ឥត/RB គ្រូ/NN លោក/PRO ប្រដូច/VB នឹង/IN មនុស្ស/NN ឆ្កួត/JJ បើ/CC ដូច្នេះ/RB ចូរ/VB ឯង/PRO នាំ/VB កុមារ/NN នេះ/DT ទៅ/IN ជួប/VB នឹង/IN ទេវ_បុត្ត/NN ដែល/RPN ជា/VB នាយ/PRO រោង/NN ជាង/NN ឈើ/NN គេ/PRO នឹង/AUX បង្រៀន/VB កុមារ/NN ឲ្យ/IN ចេះ/VB មុខ_វិជ្ជា/NN ប្លែក/JJ ៗ/DBL សិន/RB រួច/RB នឹង/AUX ឲ្យ/VB កុមារ/NN ត្រឡប់/VB ទៅ/IN ឋាន/NN មនុស្ស/NN វិញ/RB ព្រោះ/CC កុមារ/NN មាន/VB សញ្ជាតិ/NN ជា/VB មនុស្ស_លោក/NN ពុំ/RB អាច/VB មក/IN នៅ/VB ក្នុង/IN ទី_នេះ/NN រហូត/IN ទៅ/PA បាន/VCOM ទេ/PA "/SYM ។/KAN
---
> ព្រះ~ឥន្ទ្រ/NN ឆ្លើយ/VB ថា/IN "/SYM មែន/RB ហើយ/RB EX-MARK/! មនុស្ស/NN ណា/PRO ដែល/RPN ចេះ/VB វិជ្ជា/NN ឥត/RB គ្រូ/NN លោក/PRO ប្រដូច/VB នឹង/IN មនុស្ស/NN ឆ្កួត/JJ បើ/CC ដូច្នេះ/RB ចូរ/VB ឯង/PRO នាំ/VB កុមារ/NN នេះ/DT ទៅ/IN ជួប/VB នឹង/IN ទេវ_បុត្ត/NN ដែល/RPN ជា/VB នាយ/PRO រោង/NN ជាង/NN ឈើ/NN គេ/PRO នឹង/AUX បង្រៀន/VB កុមារ/NN ឲ្យ/IN ចេះ/VB មុខ_វិជ្ជា/NN ប្លែក/JJ ៗ/DBL សិន/RB រួច/RB នឹង/AUX ឲ្យ/VB កុមារ/NN ត្រឡប់/VB ទៅ/IN ឋាន/NN មនុស្ស/NN វិញ/RB ព្រោះ/CC កុមារ/NN មាន/VB សញ្ជាតិ/NN ជា/VB មនុស្ស_លោក/NN ពុំ/RB អាច/VB មក/IN នៅ/VB ក្នុង/IN ទី_នេះ/NN រហូត/IN ទៅ/PA បាន/VCOM ទេ/PA "/SYM ។/KAN
11061c11061
< ខ្លា/NN ឆ្លើយ/VB ថា/IN “/LBR ខ្ញុំ/PRO ហ្នឹង/DT ហើយ/RB ”/RBR អណ្ដើក/NN និយាយ/VB ថា/IN “/LBR នែ/UH !/! អា/PRO ជា/VB ត្បេះ/NN ឯង/PRO មាន/VB រឿង/NN ធំ/JJ ណាស់/RB ម្ដេច/RB ឯង/PRO បាន_ជា/RB ភួយ/NN ក្រឡា/NN ខ្លា/NN របស់/IN ព្រះ~រាជា/NN មក/RB ”/RBR ។/KAN
---
> ខ្លា/NN ឆ្លើយ/VB ថា/IN “/LBR ខ្ញុំ/PRO ហ្នឹង/DT ហើយ/RB ”/RBR អណ្ដើក/NN និយាយ/VB ថា/IN “/LBR នែ/UH EX-MARK/! អា/PRO ជា/VB ត្បេះ/NN ឯង/PRO មាន/VB រឿង/NN ធំ/JJ ណាស់/RB ម្ដេច/RB ឯង/PRO បាន_ជា/RB ភួយ/NN ក្រឡា/NN ខ្លា/NN របស់/IN ព្រះ~រាជា/NN មក/RB ”/RBR ។/KAN
11269c11269
< -/SYM ទា/NN ស្រែក/VB បន្ថែម/RB តាម/IN ក្រោយ/IN មាន់/NN ថា/IN “/LBR កាប់/VB !/! កាប់/VB !/! កាប់/VB !/! ”/RBR ព្រោះ_ថា/CC បើ/CC ព្រាប/NN ស្លាប់/VB ហើយ/RB មាន់/NN ឲ្យ/VB គេ/PRO រក/VB ចប/NN ហើយ/RB នោះ/DT ត្រូវ/VB កាប់/VB ដី/NN កប់/JJ វា/PRO តែ_ម្ដង/RB ទៅ/PA ។/KAN
---
> -/SYM ទា/NN ស្រែក/VB បន្ថែម/RB តាម/IN ក្រោយ/IN មាន់/NN ថា/IN “/LBR កាប់/VB EX-MARK/! កាប់/VB EX-MARK/! កាប់/VB EX-MARK/! ”/RBR ព្រោះ_ថា/CC បើ/CC ព្រាប/NN ស្លាប់/VB ហើយ/RB មាន់/NN ឲ្យ/VB គេ/PRO រក/VB ចប/NN ហើយ/RB នោះ/DT ត្រូវ/VB កាប់/VB ដី/NN កប់/JJ វា/PRO តែ_ម្ដង/RB ទៅ/PA ។/KAN
11452c11452
< ឯ/IN ពស់/NN កេងកង/PN ឆ្លើយ/VB ឡើង/PA ថា/IN «/LBR អើ/UH !/! បើ/CC នាង_ឯង/PRO ដោយ/VB អញ/PRO ធ្វើ/VB ប្រពន្ធ/NN អញ/PRO ទើប/RB អញ/PRO ឲ្យ/VB ដឹង/NN បើ/CC នាង_ឯង/PRO មិន/RB ដោយ/VB អញ/PRO មិន/RB ធ្វើ_ជា/VB ប្រពន្ធ/NN អញ/PRO ទេ/PA នោះ/DT អញ/PRO មិន/RB ឲ្យ/VB ដឹង/NN ទេ/PA »/RBR
---
> ឯ/IN ពស់/NN កេងកង/PN ឆ្លើយ/VB ឡើង/PA ថា/IN «/LBR អើ/UH EX-MARK/! បើ/CC នាង_ឯង/PRO ដោយ/VB អញ/PRO ធ្វើ/VB ប្រពន្ធ/NN អញ/PRO ទើប/RB អញ/PRO ឲ្យ/VB ដឹង/NN បើ/CC នាង_ឯង/PRO មិន/RB ដោយ/VB អញ/PRO មិន/RB ធ្វើ_ជា/VB ប្រពន្ធ/NN អញ/PRO ទេ/PA នោះ/DT អញ/PRO មិន/RB ឲ្យ/VB ដឹង/NN ទេ/PA »/RBR
11485c11485
< -/SYM អាអូត/NN ស្រែក/VB ថា/IN ៖/SYM ទូក/NN !/! ទូក/NN !/! ទូក/NN !/!
---
> -/SYM អាអូត/NN ស្រែក/VB ថា/IN ៖/SYM ទូក/NN EX-MARK/! ទូក/NN EX-MARK/! ទូក/NN EX-MARK/!
11491c11491
< កាល/IN ដែល/RPN ម៉ែ/NN រត់/VB ចេញ_ពី/IN ផ្ទះ/NN បាត់/RB ទៅ/RB កូន/NN យំ/VB ទួញ/VB សោក/NN ខំ/VB ដើរ/VB រក/VB គ្រប់/DT ទី_កន្លែង/NN ពុំ/RB ឃើញ/VCOM សោះ/PA ។/KAN លោក~ឪពុក/NN បាន/AUX ចូល_ទៅ/VB រក/VB ម៉ែ/NN ក្នុង/IN បន្ទប់/NN ហើយ/RB ឃើញ/VB តែ/RB ផ្កា/NN ប្រាំ_មួយ/CD ទង/M ដាក់/VB_JJ លើ/IN ខ្នើយ/NN ។/KAN គាត់/PRO ក៏/RB យល់/VB ភ្លាម/RB ថា/IN "/SYM ម៉ែ/NN ត្រឡប់/VB ទៅ/IN ឋាន/NN ទេវតា/NN វិញ/RB ហើយ/RB "/SYM គាត់/PRO កើត_ទុក្ខ/VB ពន់ប្រមាណ/RB រក/VB អ្វី/PRO មក/VB ប្រៀប/VB ពុំ/RB បាន/VCOM ទេ/PA នៅ_ក្នុង/IN លោក/PRO យើង/PRO នេះ/DT មិន/RB តែ/RB ប៉ុណ្ណោះ/JJ អ្នក~ជិត_ខាង/NN ក៏/RB បាន/AUX មក/VB ជួយ/VB យំ_សោក/VB ស្ដាយ/VB ស្រណោះ/VB អាឡោះអាល័យ/VB ម៉ែ/NN ជាមួយ_នឹង/IN យើង/PRO ដែរ/RB ។/KAN តាំង_ពី/IN ពេល/NN នោះ/DT មក/IN ខ្ញុំ/PRO ចេះ_តែ/RB នឹក/VB មមៃ/VB មក/IN ម៉ែ/NN ពុំ/RB មាន/VB ភ្លេច/VB សោះ_ឡើយ/PA ។/KAN លុះ/IN ខ្ញុំ/PRO ធំ/JJ ដឹង/VB ក្ដី/NN បន្តិច/JJ ឡើង/PA ខ្ញុំ/PRO ក៏/RB សុំ/VB លា/VB លោក~ឪពុក/NN ចេញ/VB ដើរ/VB ផ្សងព្រេង/VB តាម/IN រក/VB ម៉ែ/NN ហើយ/RB កូន/NN ស្មាន/VB ថា/IN "/SYM កូន/NN មុខជា/RB ស្លាប់/VB ដោយ/IN អស់/RB កម្លាំង/NN បាក់/VB ជ័រ/NN បាយ/NN ពុំ/RB ខាន/RB "/SYM ។/KAN តែ/RB ឥឡូវ_នេះ/RB ខ្ញុំ/PRO បាន/AUX មក/VB ជួប/VB ម៉ែ/NN ហើយ/RB ,/SYM ខ្ញុំ/PRO សូម/VB អង្វរ/VB ម៉ែ/NN ឲ្យ/IN ត្រឡប់/VB ទៅ_វិញ/RB ជាមួយ_នឹង/IN កូន/NN !/! "/SYM ។/KAN
---
> កាល/IN ដែល/RPN ម៉ែ/NN រត់/VB ចេញ_ពី/IN ផ្ទះ/NN បាត់/RB ទៅ/RB កូន/NN យំ/VB ទួញ/VB សោក/NN ខំ/VB ដើរ/VB រក/VB គ្រប់/DT ទី_កន្លែង/NN ពុំ/RB ឃើញ/VCOM សោះ/PA ។/KAN លោក~ឪពុក/NN បាន/AUX ចូល_ទៅ/VB រក/VB ម៉ែ/NN ក្នុង/IN បន្ទប់/NN ហើយ/RB ឃើញ/VB តែ/RB ផ្កា/NN ប្រាំ_មួយ/CD ទង/M ដាក់/VB_JJ លើ/IN ខ្នើយ/NN ។/KAN គាត់/PRO ក៏/RB យល់/VB ភ្លាម/RB ថា/IN "/SYM ម៉ែ/NN ត្រឡប់/VB ទៅ/IN ឋាន/NN ទេវតា/NN វិញ/RB ហើយ/RB "/SYM គាត់/PRO កើត_ទុក្ខ/VB ពន់ប្រមាណ/RB រក/VB អ្វី/PRO មក/VB ប្រៀប/VB ពុំ/RB បាន/VCOM ទេ/PA នៅ_ក្នុង/IN លោក/PRO យើង/PRO នេះ/DT មិន/RB តែ/RB ប៉ុណ្ណោះ/JJ អ្នក~ជិត_ខាង/NN ក៏/RB បាន/AUX មក/VB ជួយ/VB យំ_សោក/VB ស្ដាយ/VB ស្រណោះ/VB អាឡោះអាល័យ/VB ម៉ែ/NN ជាមួយ_នឹង/IN យើង/PRO ដែរ/RB ។/KAN តាំង_ពី/IN ពេល/NN នោះ/DT មក/IN ខ្ញុំ/PRO ចេះ_តែ/RB នឹក/VB មមៃ/VB មក/IN ម៉ែ/NN ពុំ/RB មាន/VB ភ្លេច/VB សោះ_ឡើយ/PA ។/KAN លុះ/IN ខ្ញុំ/PRO ធំ/JJ ដឹង/VB ក្ដី/NN បន្តិច/JJ ឡើង/PA ខ្ញុំ/PRO ក៏/RB សុំ/VB លា/VB លោក~ឪពុក/NN ចេញ/VB ដើរ/VB ផ្សងព្រេង/VB តាម/IN រក/VB ម៉ែ/NN ហើយ/RB កូន/NN ស្មាន/VB ថា/IN "/SYM កូន/NN មុខជា/RB ស្លាប់/VB ដោយ/IN អស់/RB កម្លាំង/NN បាក់/VB ជ័រ/NN បាយ/NN ពុំ/RB ខាន/RB "/SYM ។/KAN តែ/RB ឥឡូវ_នេះ/RB ខ្ញុំ/PRO បាន/AUX មក/VB ជួប/VB ម៉ែ/NN ហើយ/RB ,/SYM ខ្ញុំ/PRO សូម/VB អង្វរ/VB ម៉ែ/NN ឲ្យ/IN ត្រឡប់/VB ទៅ_វិញ/RB ជាមួយ_នឹង/IN កូន/NN EX-MARK/! "/SYM ។/KAN
11712c11712
< លុះ/IN ទីទុយ/NN នៅ_តែ/RB សួរ/VB ដដែល/RB ៗ/DBL ពេក/RB ក៏/RB ឆ្លើយ/VB តែ/RB មួយ/CD ម៉ាត់/NN ថា/IN ៖/SYM លៀង/UH !/! លៀង/UH !/!
---
> លុះ/IN ទីទុយ/NN នៅ_តែ/RB សួរ/VB ដដែល/RB ៗ/DBL ពេក/RB ក៏/RB ឆ្លើយ/VB តែ/RB មួយ/CD ម៉ាត់/NN ថា/IN ៖/SYM លៀង/UH EX-MARK/! លៀង/UH EX-MARK/!
11784c11784
< -/SYM នែ/UH បង/NN អណ្ដើក/NN ខ្ញុំ/PRO កើត_ឡើង/VB ឃើញ/VB តែ/RB គូទ/NN ខ្ញុំ/PRO មាន/VB រន្ធ/NN ច្រើន/JJ អីចឹង/RB ស្រាប់/JJ ពុំ/RB មែន/RB ខ្ញុំ/PRO លួច/VB ទេ/PA !/!
---
> -/SYM នែ/UH បង/NN អណ្ដើក/NN ខ្ញុំ/PRO កើត_ឡើង/VB ឃើញ/VB តែ/RB គូទ/NN ខ្ញុំ/PRO មាន/VB រន្ធ/NN ច្រើន/JJ អីចឹង/RB ស្រាប់/JJ ពុំ/RB មែន/RB ខ្ញុំ/PRO លួច/VB ទេ/PA EX-MARK/!
11905c11905
< ឯ/IN នាង/PRO អេត/PN លុះ/IN ដល់/IN ព្រលប់/NN ក៏/RB ទៅ/VB ហៅ/VB ពស់/NN កេងកង/PN ថា/IN «/LBR ពស់/NN កេងកង/PN ៗ/DBL !/! នាង/PRO នី/PN ឲ្យ/VB ហៅ/VB »/RBR
---
> ឯ/IN នាង/PRO អេត/PN លុះ/IN ដល់/IN ព្រលប់/NN ក៏/RB ទៅ/VB ហៅ/VB ពស់/NN កេងកង/PN ថា/IN «/LBR ពស់/NN កេងកង/PN ៗ/DBL EX-MARK/! នាង/PRO នី/PN ឲ្យ/VB ហៅ/VB »/RBR
